[debug] [2023-08-15T04:45:18.531Z] ----------------------------------------------------------------------
[debug] [2023-08-15T04:45:18.533Z] Command:       C:\Program Files\nodejs\node.exe C:\Users\ABHI\AppData\Roaming\npm\node_modules\firebase-tools\lib\bin\firebase.js init
[debug] [2023-08-15T04:45:18.534Z] CLI Version:   12.4.7
[debug] [2023-08-15T04:45:18.534Z] Platform:      win32
[debug] [2023-08-15T04:45:18.534Z] Node Version:  v18.17.0
[debug] [2023-08-15T04:45:18.535Z] Time:          Tue Aug 15 2023 10:15:18 GMT+0530 (India Standard Time)
[debug] [2023-08-15T04:45:18.535Z] ----------------------------------------------------------------------
[debug] 
[debug] [2023-08-15T04:45:18.542Z] > command requires scopes: ["email","openid","https://www.googleapis.com/auth/cloudplatformprojects.readonly","https://www.googleapis.com/auth/firebase","https://www.googleapis.com/auth/cloud-platform"]
[debug] [2023-08-15T04:45:18.543Z] > authorizing via signed-in user (sparkrayburn@gmail.com)
[info] 
     ######## #### ########  ######## ########     ###     ######  ########
     ##        ##  ##     ## ##       ##     ##  ##   ##  ##       ##
     ######    ##  ########  ######   ########  #########  ######  ######
     ##        ##  ##    ##  ##       ##     ## ##     ##       ## ##
     ##       #### ##     ## ######## ########  ##     ##  ######  ########

You're about to initialize a Firebase project in this directory:

  D:\python100days\SOLO_PROJECTS\portfolio-website\portfolio-website

[info] 
=== Project Setup
[info] 
[info] First, let's associate this project directory with a Firebase project.
[info] You can create multiple project aliases by running firebase use --add, 
[info] but for now we'll just set up a default project.
[info] 
[debug] [2023-08-15T04:45:29.651Z] >>> [apiv2][query] GET https://firebase.googleapis.com/v1beta1/projects pageSize=100
[debug] [2023-08-15T04:45:30.597Z] <<< [apiv2][status] GET https://firebase.googleapis.com/v1beta1/projects 200
[debug] [2023-08-15T04:45:30.598Z] <<< [apiv2][body] GET https://firebase.googleapis.com/v1beta1/projects [omitted]
[info] i  Using project portfolio-site-d6075 (portfolio-site) 
[info] 
=== Hosting Setup
[info] 
[info] Your public directory is the folder (relative to your project directory) that
[info] will contain Hosting assets to be uploaded with firebase deploy. If you
[info] have a build process for your assets, use your build's output directory.
[info] 
